[ft] recovery-aug (decoder-only) | base step 29999 | FT eps 0:20 (20) | 441 windows | head 8,634,505 + enc 0 (unfreeze_stages=0, lr_enc=5e-06) | envelope lat<=1.75m yaw<=5.0deg clean=0.3 lambda_dev=0.5 lambda_prog=0.0
{"step": 0, "loss": 4.059, "traj": 0.4941, "cls": 3.4298, "dev": 0.2703, "prog": 0.3853, "frac_clean": 0.5625, "mean_recovery_m": 3.22, "gnorm": 54.636, "elapsed_s": 0.9}
{"step": 50, "loss": 3.1011, "traj": 0.7881, "cls": 2.1328, "dev": 0.3602, "prog": 0.5525, "frac_clean": 0.125, "mean_recovery_m": 4.065, "gnorm": 39.805, "elapsed_s": 33.5}
{"step": 100, "loss": 2.2675, "traj": 0.6049, "cls": 1.2773, "dev": 0.7705, "prog": 0.5071, "frac_clean": 0.375, "mean_recovery_m": 1.7359, "gnorm": 96.118, "elapsed_s": 65.7}
{"step": 150, "loss": 2.9614, "traj": 0.5467, "cls": 2.0765, "dev": 0.6763, "prog": 0.3686, "frac_clean": 0.125, "mean_recovery_m": 4.0345, "gnorm": 32.014, "elapsed_s": 98.2}
{"step": 200, "loss": 2.034, "traj": 0.5018, "cls": 1.3827, "dev": 0.2992, "prog": 0.4789, "frac_clean": 0.1875, "mean_recovery_m": 3.3083, "gnorm": 34.814, "elapsed_s": 129.5}
{"step": 250, "loss": 2.736, "traj": 0.5529, "cls": 1.8067, "dev": 0.7527, "prog": 0.399, "frac_clean": 0.25, "mean_recovery_m": 3.2606, "gnorm": 58.126, "elapsed_s": 160.7}
{"step": 300, "loss": 2.2208, "traj": 0.4696, "cls": 1.4669, "dev": 0.5687, "prog": 0.5489, "frac_clean": 0.4375, "mean_recovery_m": 2.5891, "gnorm": 49.624, "elapsed_s": 192.2}
{"step": 350, "loss": 2.306, "traj": 0.4137, "cls": 1.6512, "dev": 0.4823, "prog": 0.4741, "frac_clean": 0.3125, "mean_recovery_m": 3.8682, "gnorm": 44.665, "elapsed_s": 223.2}
{"step": 400, "loss": 1.8319, "traj": 0.4187, "cls": 1.229, "dev": 0.3685, "prog": 0.4539, "frac_clean": 0.625, "mean_recovery_m": 4.9119, "gnorm": 49.804, "elapsed_s": 254.7}
{"step": 450, "loss": 1.9293, "traj": 0.5147, "cls": 1.2301, "dev": 0.3689, "prog": 0.4567, "frac_clean": 0.375, "mean_recovery_m": 2.2981, "gnorm": 47.735, "elapsed_s": 286.6}
{"step": 500, "loss": 1.3977, "traj": 0.4199, "cls": 0.8669, "dev": 0.2218, "prog": 0.4128, "frac_clean": 0.3125, "mean_recovery_m": 3.0695, "gnorm": 28.462, "elapsed_s": 318.1}
{"step": 550, "loss": 1.9478, "traj": 0.4355, "cls": 1.2316, "dev": 0.5614, "prog": 0.3989, "frac_clean": 0.4375, "mean_recovery_m": 3.5994, "gnorm": 98.703, "elapsed_s": 349.8}
{"step": 600, "loss": 1.6475, "traj": 0.4441, "cls": 1.001, "dev": 0.4048, "prog": 0.3648, "frac_clean": 0.375, "mean_recovery_m": 4.3784, "gnorm": 46.738, "elapsed_s": 381.3}
{"step": 650, "loss": 2.0209, "traj": 0.3177, "cls": 1.5396, "dev": 0.3272, "prog": 0.3564, "frac_clean": 0.5, "mean_recovery_m": 3.2371, "gnorm": 23.281, "elapsed_s": 412.3}
{"step": 700, "loss": 1.7781, "traj": 0.4364, "cls": 1.1511, "dev": 0.3811, "prog": 0.4495, "frac_clean": 0.4375, "mean_recovery_m": 4.3213, "gnorm": 54.084, "elapsed_s": 443.9}
{"step": 750, "loss": 1.8124, "traj": 0.4741, "cls": 1.0836, "dev": 0.5094, "prog": 0.4761, "frac_clean": 0.125, "mean_recovery_m": 2.7894, "gnorm": 46.003, "elapsed_s": 475.8}
{"step": 800, "loss": 1.7991, "traj": 0.3549, "cls": 1.2852, "dev": 0.3179, "prog": 0.3286, "frac_clean": 0.3125, "mean_recovery_m": 4.701, "gnorm": 78.129, "elapsed_s": 506.5}
{"step": 850, "loss": 1.5456, "traj": 0.3778, "cls": 0.8252, "dev": 0.6852, "prog": 0.3402, "frac_clean": 0.1875, "mean_recovery_m": 3.6402, "gnorm": 39.478, "elapsed_s": 537.7}
{"step": 900, "loss": 1.5272, "traj": 0.5336, "cls": 0.8046, "dev": 0.3781, "prog": 0.4504, "frac_clean": 0.125, "mean_recovery_m": 4.1835, "gnorm": 49.976, "elapsed_s": 568.1}
{"step": 950, "loss": 1.0756, "traj": 0.3848, "cls": 0.5501, "dev": 0.2814, "prog": 0.4303, "frac_clean": 0.4375, "mean_recovery_m": 2.8861, "gnorm": 28.756, "elapsed_s": 599.5}
{"step": 1000, "loss": 1.2156, "traj": 0.4666, "cls": 0.6122, "dev": 0.2737, "prog": 0.5128, "frac_clean": 0.1875, "mean_recovery_m": 3.6268, "gnorm": 52.018, "elapsed_s": 631.8}
{"step": 1050, "loss": 1.8251, "traj": 0.4229, "cls": 0.9177, "dev": 0.969, "prog": 0.3955, "frac_clean": 0.4375, "mean_recovery_m": 2.3318, "gnorm": 45.406, "elapsed_s": 662.5}
{"step": 1100, "loss": 2.0949, "traj": 0.4062, "cls": 1.4323, "dev": 0.5128, "prog": 0.4493, "frac_clean": 0.3125, "mean_recovery_m": 2.9321, "gnorm": 27.447, "elapsed_s": 693.4}
{"step": 1150, "loss": 1.4901, "traj": 0.4628, "cls": 0.8676, "dev": 0.3195, "prog": 0.4831, "frac_clean": 0.3125, "mean_recovery_m": 4.0372, "gnorm": 17.655, "elapsed_s": 724.2}
{"step": 1200, "loss": 1.6268, "traj": 0.4079, "cls": 1.14, "dev": 0.1577, "prog": 0.4851, "frac_clean": 0.3125, "mean_recovery_m": 3.5229, "gnorm": 28.405, "elapsed_s": 754.8}
{"step": 1250, "loss": 1.5736, "traj": 0.4156, "cls": 0.9743, "dev": 0.3674, "prog": 0.4564, "frac_clean": 0.375, "mean_recovery_m": 3.2453, "gnorm": 21.514, "elapsed_s": 785.6}
{"step": 1300, "loss": 1.432, "traj": 0.4274, "cls": 0.8418, "dev": 0.3255, "prog": 0.4899, "frac_clean": 0.4375, "mean_recovery_m": 3.0362, "gnorm": 27.177, "elapsed_s": 816.3}
{"step": 1350, "loss": 1.5534, "traj": 0.349, "cls": 0.9945, "dev": 0.4198, "prog": 0.3443, "frac_clean": 0.5625, "mean_recovery_m": 2.5718, "gnorm": 44.133, "elapsed_s": 847.3}
{"step": 1400, "loss": 2.406, "traj": 0.5223, "cls": 1.5507, "dev": 0.6659, "prog": 0.5862, "frac_clean": 0.1875, "mean_recovery_m": 4.6847, "gnorm": 43.959, "elapsed_s": 878.1}
{"step": 1450, "loss": 1.3203, "traj": 0.3607, "cls": 0.7878, "dev": 0.3437, "prog": 0.486, "frac_clean": 0.4375, "mean_recovery_m": 2.229, "gnorm": 33.152, "elapsed_s": 909.3}
{"step": 1499, "loss": 2.1331, "traj": 0.3662, "cls": 1.5432, "dev": 0.4473, "prog": 0.4297, "frac_clean": 0.375, "mean_recovery_m": 3.8986, "gnorm": 40.265, "elapsed_s": 939.8}
[ft] wrote /workspace/refc-naive-foldA/ckpt.pt
RECOVERY_AUG_FT_DONE
FOLDA_DONE
[ft] recovery-aug (decoder-only) | base step 29999 | FT eps 20:40 (20) | 440 windows | head 8,634,505 + enc 0 (unfreeze_stages=0, lr_enc=5e-06) | envelope lat<=1.75m yaw<=5.0deg clean=0.3 lambda_dev=0.5 lambda_prog=0.0
{"step": 0, "loss": 2.9868, "traj": 0.5268, "cls": 2.2388, "dev": 0.4424, "prog": 0.5012, "frac_clean": 0.5625, "mean_recovery_m": 3.2537, "gnorm": 56.946, "elapsed_s": 0.9}
{"step": 50, "loss": 3.4931, "traj": 0.9042, "cls": 2.3369, "dev": 0.504, "prog": 0.719, "frac_clean": 0.125, "mean_recovery_m": 3.9059, "gnorm": 76.534, "elapsed_s": 33.0}
{"step": 100, "loss": 3.376, "traj": 0.5706, "cls": 2.3877, "dev": 0.8355, "prog": 0.4699, "frac_clean": 0.375, "mean_recovery_m": 4.6777, "gnorm": 25.273, "elapsed_s": 64.8}
{"step": 150, "loss": 2.7677, "traj": 0.521, "cls": 2.0971, "dev": 0.2992, "prog": 0.4669, "frac_clean": 0.125, "mean_recovery_m": 2.3099, "gnorm": 37.268, "elapsed_s": 95.8}
{"step": 200, "loss": 2.2569, "traj": 0.6465, "cls": 1.3145, "dev": 0.5917, "prog": 0.3857, "frac_clean": 0.1875, "mean_recovery_m": 2.6631, "gnorm": 70.702, "elapsed_s": 126.9}
{"step": 250, "loss": 2.5021, "traj": 0.6044, "cls": 1.7591, "dev": 0.2771, "prog": 0.5294, "frac_clean": 0.25, "mean_recovery_m": 3.7024, "gnorm": 21.584, "elapsed_s": 158.1}
{"step": 300, "loss": 1.7164, "traj": 0.4755, "cls": 1.0798, "dev": 0.3222, "prog": 0.4233, "frac_clean": 0.4375, "mean_recovery_m": 3.5205, "gnorm": 26.87, "elapsed_s": 190.1}
{"step": 350, "loss": 2.2102, "traj": 0.6826, "cls": 1.1814, "dev": 0.6926, "prog": 0.5917, "frac_clean": 0.3125, "mean_recovery_m": 2.8647, "gnorm": 48.483, "elapsed_s": 221.8}
{"step": 400, "loss": 1.3666, "traj": 0.4225, "cls": 0.7647, "dev": 0.3587, "prog": 0.4259, "frac_clean": 0.625, "mean_recovery_m": 3.4496, "gnorm": 44.644, "elapsed_s": 253.4}
{"step": 450, "loss": 2.1206, "traj": 0.5665, "cls": 1.0606, "dev": 0.987, "prog": 0.4228, "frac_clean": 0.375, "mean_recovery_m": 3.2736, "gnorm": 48.591, "elapsed_s": 285.0}
{"step": 500, "loss": 2.1818, "traj": 0.5248, "cls": 1.4313, "dev": 0.4516, "prog": 0.3543, "frac_clean": 0.3125, "mean_recovery_m": 5.2534, "gnorm": 46.225, "elapsed_s": 317.9}
{"step": 550, "loss": 1.6415, "traj": 0.5329, "cls": 0.8182, "dev": 0.5808, "prog": 0.514, "frac_clean": 0.4375, "mean_recovery_m": 4.4135, "gnorm": 58.203, "elapsed_s": 349.2}
{"step": 600, "loss": 2.4259, "traj": 0.4975, "cls": 1.4418, "dev": 0.9731, "prog": 0.5145, "frac_clean": 0.375, "mean_recovery_m": 2.9897, "gnorm": 94.134, "elapsed_s": 379.9}
{"step": 650, "loss": 2.8071, "traj": 0.4796, "cls": 1.8558, "dev": 0.9434, "prog": 0.4795, "frac_clean": 0.5, "mean_recovery_m": 3.8824, "gnorm": 57.059, "elapsed_s": 411.2}
{"step": 700, "loss": 2.0614, "traj": 0.3553, "cls": 1.4387, "dev": 0.5349, "prog": 0.3154, "frac_clean": 0.4375, "mean_recovery_m": 2.0623, "gnorm": 28.008, "elapsed_s": 443.5}
{"step": 750, "loss": 3.3493, "traj": 0.5139, "cls": 2.3898, "dev": 0.8913, "prog": 0.5635, "frac_clean": 0.125, "mean_recovery_m": 2.7328, "gnorm": 26.941, "elapsed_s": 475.5}
{"step": 800, "loss": 1.3808, "traj": 0.4218, "cls": 0.8659, "dev": 0.1861, "prog": 0.3843, "frac_clean": 0.3125, "mean_recovery_m": 3.5117, "gnorm": 34.181, "elapsed_s": 506.2}
{"step": 850, "loss": 2.002, "traj": 0.4229, "cls": 1.4723, "dev": 0.2138, "prog": 0.5163, "frac_clean": 0.1875, "mean_recovery_m": 4.0777, "gnorm": 31.909, "elapsed_s": 537.4}
{"step": 900, "loss": 1.798, "traj": 0.4246, "cls": 1.1148, "dev": 0.5173, "prog": 0.3714, "frac_clean": 0.125, "mean_recovery_m": 3.1731, "gnorm": 31.394, "elapsed_s": 569.1}
{"step": 950, "loss": 1.5848, "traj": 0.4406, "cls": 0.9332, "dev": 0.4218, "prog": 0.3859, "frac_clean": 0.4375, "mean_recovery_m": 3.638, "gnorm": 17.058, "elapsed_s": 601.7}
{"step": 1000, "loss": 1.8138, "traj": 0.3721, "cls": 1.2689, "dev": 0.3456, "prog": 0.2842, "frac_clean": 0.1875, "mean_recovery_m": 2.9911, "gnorm": 19.436, "elapsed_s": 633.5}
{"step": 1050, "loss": 2.0659, "traj": 0.5116, "cls": 1.3191, "dev": 0.4704, "prog": 0.6152, "frac_clean": 0.4375, "mean_recovery_m": 4.987, "gnorm": 36.899, "elapsed_s": 663.8}
{"step": 1100, "loss": 1.6685, "traj": 0.5816, "cls": 0.8787, "dev": 0.4164, "prog": 0.6183, "frac_clean": 0.3125, "mean_recovery_m": 3.6277, "gnorm": 57.86, "elapsed_s": 695.1}
{"step": 1150, "loss": 2.0517, "traj": 0.5475, "cls": 1.114, "dev": 0.7804, "prog": 0.4972, "frac_clean": 0.3125, "mean_recovery_m": 3.974, "gnorm": 40.929, "elapsed_s": 726.1}
{"step": 1200, "loss": 1.9533, "traj": 0.4866, "cls": 1.0854, "dev": 0.7627, "prog": 0.4558, "frac_clean": 0.3125, "mean_recovery_m": 3.5835, "gnorm": 66.375, "elapsed_s": 758.2}
{"step": 1250, "loss": 1.6811, "traj": 0.3229, "cls": 1.0873, "dev": 0.5418, "prog": 0.2802, "frac_clean": 0.375, "mean_recovery_m": 3.3193, "gnorm": 15.213, "elapsed_s": 790.3}
{"step": 1300, "loss": 1.843, "traj": 0.4465, "cls": 0.9803, "dev": 0.8323, "prog": 0.5995, "frac_clean": 0.4375, "mean_recovery_m": 3.0668, "gnorm": 30.797, "elapsed_s": 820.8}
{"step": 1350, "loss": 1.0637, "traj": 0.3592, "cls": 0.4199, "dev": 0.5691, "prog": 0.4104, "frac_clean": 0.5625, "mean_recovery_m": 2.4493, "gnorm": 25.502, "elapsed_s": 851.1}
{"step": 1400, "loss": 1.745, "traj": 0.4905, "cls": 0.9343, "dev": 0.6403, "prog": 0.4761, "frac_clean": 0.1875, "mean_recovery_m": 3.8093, "gnorm": 46.299, "elapsed_s": 882.0}
{"step": 1450, "loss": 1.6488, "traj": 0.4008, "cls": 1.0718, "dev": 0.3524, "prog": 0.3734, "frac_clean": 0.4375, "mean_recovery_m": 2.8285, "gnorm": 32.641, "elapsed_s": 913.8}
{"step": 1499, "loss": 1.6328, "traj": 0.4068, "cls": 0.8675, "dev": 0.717, "prog": 0.4969, "frac_clean": 0.375, "mean_recovery_m": 2.6489, "gnorm": 46.105, "elapsed_s": 944.5}
[ft] wrote /workspace/refc-naive-foldB/ckpt.pt
RECOVERY_AUG_FT_DONE
FOLDB_DONE
[pde] rolling base/foldB on lo (20 eps) + base/foldA on hi (20 eps)...
[pde] n=40 eps (881 win, power 1.83x vs n12)
[pde] dCDR=-0.0302 [-0.0595,-0.0088] sep=True
[pde] d_band_ade2d(1.0)=-0.3655 [-0.4824,-0.2620] sep=True
[pde] VERDICT: BOUND (departure win not separated at n=40)
[pde] wrote /workspace/refc_cl_d2/powered_departure.json
POWERED_DEPARTURE_DONE
PDE_DONE
