[ft] RefcCL (encoder-in-loop) | base step 29999 | FT eps 0:28 (28) | 617 windows | head 8,634,505 + enc 51,562,368 (unfreeze_stages=1, lr_enc=5e-06) | envelope lat<=1.0m yaw<=3.0deg clean=0.5 lambda_dev=1.0 lambda_prog=0.0
{"step": 0, "loss": 1.9016, "traj": 0.3142, "cls": 1.3189, "dev": 0.2684, "prog": 0.3627, "frac_clean": 0.5625, "mean_recovery_m": 2.7581, "gnorm": 52.698, "elapsed_s": 1.0}
{"step": 50, "loss": 1.9754, "traj": 0.2827, "cls": 1.402, "dev": 0.2907, "prog": 0.2835, "frac_clean": 0.5625, "mean_recovery_m": 1.6974, "gnorm": 36.962, "elapsed_s": 34.7}
{"step": 100, "loss": 2.7467, "traj": 0.496, "cls": 1.8936, "dev": 0.357, "prog": 0.495, "frac_clean": 0.625, "mean_recovery_m": 4.023, "gnorm": 39.006, "elapsed_s": 69.2}
{"step": 150, "loss": 2.7185, "traj": 0.3682, "cls": 2.1711, "dev": 0.1791, "prog": 0.3099, "frac_clean": 0.25, "mean_recovery_m": 2.6284, "gnorm": 73.252, "elapsed_s": 103.2}
{"step": 200, "loss": 2.4379, "traj": 0.4349, "cls": 1.601, "dev": 0.402, "prog": 0.406, "frac_clean": 0.375, "mean_recovery_m": 3.6248, "gnorm": 53.763, "elapsed_s": 138.0}
{"step": 250, "loss": 1.6575, "traj": 0.3622, "cls": 0.9402, "dev": 0.3551, "prog": 0.2622, "frac_clean": 0.3125, "mean_recovery_m": 2.3888, "gnorm": 23.158, "elapsed_s": 172.7}
{"step": 300, "loss": 1.836, "traj": 0.3908, "cls": 1.0936, "dev": 0.3516, "prog": 0.4446, "frac_clean": 0.5625, "mean_recovery_m": 1.649, "gnorm": 43.634, "elapsed_s": 207.2}
{"step": 350, "loss": 1.6573, "traj": 0.3027, "cls": 1.0787, "dev": 0.2759, "prog": 0.2983, "frac_clean": 0.4375, "mean_recovery_m": 2.4936, "gnorm": 48.747, "elapsed_s": 241.6}
{"step": 400, "loss": 1.7835, "traj": 0.2685, "cls": 1.0377, "dev": 0.4773, "prog": 0.2438, "frac_clean": 0.75, "mean_recovery_m": 4.1893, "gnorm": 29.194, "elapsed_s": 277.2}
{"step": 450, "loss": 2.0854, "traj": 0.4804, "cls": 1.288, "dev": 0.317, "prog": 0.4728, "frac_clean": 0.4375, "mean_recovery_m": 3.5065, "gnorm": 67.361, "elapsed_s": 311.3}
{"step": 500, "loss": 1.4555, "traj": 0.2894, "cls": 0.8674, "dev": 0.2987, "prog": 0.3469, "frac_clean": 0.625, "mean_recovery_m": 3.1589, "gnorm": 75.413, "elapsed_s": 347.4}
{"step": 550, "loss": 1.4854, "traj": 0.2843, "cls": 0.784, "dev": 0.417, "prog": 0.3165, "frac_clean": 0.625, "mean_recovery_m": 2.769, "gnorm": 47.346, "elapsed_s": 381.6}
{"step": 600, "loss": 2.2984, "traj": 0.35, "cls": 1.0958, "dev": 0.8527, "prog": 0.3657, "frac_clean": 0.5625, "mean_recovery_m": 4.5041, "gnorm": 27.474, "elapsed_s": 416.3}
{"step": 650, "loss": 1.0341, "traj": 0.2491, "cls": 0.6347, "dev": 0.1503, "prog": 0.263, "frac_clean": 0.5625, "mean_recovery_m": 2.3276, "gnorm": 26.411, "elapsed_s": 451.1}
{"step": 699, "loss": 1.1798, "traj": 0.3026, "cls": 0.7058, "dev": 0.1714, "prog": 0.3135, "frac_clean": 0.5, "mean_recovery_m": 2.9437, "gnorm": 38.982, "elapsed_s": 485.0}
[ft] wrote /workspace/refc-ft-refccl_s1/ckpt.pt
RECOVERY_AUG_FT_DONE
[eval] instrument: /workspace/refc_cl_d2/lowood_lanekeep.py
[eval] base step 29999 vs FT step 700 | holdout 28:40 (12 eps)
[eval] OVERALL Δcorridor_departure(base-ft)=-0.0328 [-0.0701,-0.0061] separated=True
[eval] GUARD  Δpeak_xte(base-ft)=-0.6501 [-1.0144,-0.3686] (FT must NOT increase peak_xte: Δ>=0 desired)
[eval] PRE-REGISTERED VERDICT: HURT
[eval] wrote /workspace/refc_cl_d2/corridor_refccl_s1.json
CORRIDOR_SPLIT_DONE
[canary] feat_cos=0.9968 rel_l2=0.0852 man_agree=0.9965 route_agree=0.9653 -> GATE=HOLDS
[canary] wrote /workspace/refc_cl_d2/canary_refccl_s1.json
ENCODER_CANARY_DONE
REFCCL_S1_DONE
