=== START g2s1 g2+lambda_prog=1.0 ===
[ft] base step 29999 | FT eps 0:28 (28) | 617 windows | trainable 8,634,505 (scope decoder) | envelope lat<=1.0m yaw<=3.0deg clean=0.5 lambda_dev=1.0
{"step": 0, "loss": 2.2643, "traj": 0.3142, "cls": 1.3189, "dev": 0.2684, "prog": 0.3627, "frac_clean": 0.5625, "mean_recovery_m": 2.7581, "gnorm": 110.912, "elapsed_s": 0.8}
{"step": 50, "loss": 2.3249, "traj": 0.2941, "cls": 1.4674, "dev": 0.2611, "prog": 0.3023, "frac_clean": 0.5625, "mean_recovery_m": 1.6974, "gnorm": 34.216, "elapsed_s": 32.5}
{"step": 100, "loss": 3.4953, "traj": 0.5064, "cls": 2.0175, "dev": 0.4803, "prog": 0.491, "frac_clean": 0.625, "mean_recovery_m": 4.023, "gnorm": 45.126, "elapsed_s": 63.5}
{"step": 150, "loss": 3.0393, "traj": 0.3602, "cls": 2.2008, "dev": 0.1608, "prog": 0.3176, "frac_clean": 0.25, "mean_recovery_m": 2.6284, "gnorm": 113.628, "elapsed_s": 94.1}
{"step": 200, "loss": 2.7229, "traj": 0.4173, "cls": 1.5845, "dev": 0.363, "prog": 0.3581, "frac_clean": 0.375, "mean_recovery_m": 3.6248, "gnorm": 77.153, "elapsed_s": 124.4}
{"step": 250, "loss": 1.8275, "traj": 0.3742, "cls": 0.9112, "dev": 0.2863, "prog": 0.2557, "frac_clean": 0.3125, "mean_recovery_m": 2.3888, "gnorm": 44.337, "elapsed_s": 155.4}
{"step": 300, "loss": 2.3414, "traj": 0.3636, "cls": 1.252, "dev": 0.3356, "prog": 0.3902, "frac_clean": 0.5625, "mean_recovery_m": 1.649, "gnorm": 28.004, "elapsed_s": 186.5}
{"step": 350, "loss": 2.0382, "traj": 0.3042, "cls": 1.1501, "dev": 0.2817, "prog": 0.3023, "frac_clean": 0.4375, "mean_recovery_m": 2.4936, "gnorm": 80.171, "elapsed_s": 217.1}
{"step": 400, "loss": 2.0622, "traj": 0.2755, "cls": 1.0864, "dev": 0.4571, "prog": 0.2432, "frac_clean": 0.75, "mean_recovery_m": 4.1893, "gnorm": 39.201, "elapsed_s": 248.3}
{"step": 450, "loss": 2.871, "traj": 0.4902, "cls": 1.4514, "dev": 0.4054, "prog": 0.5239, "frac_clean": 0.4375, "mean_recovery_m": 3.5065, "gnorm": 162.461, "elapsed_s": 279.2}
{"step": 500, "loss": 1.6743, "traj": 0.3, "cls": 0.8653, "dev": 0.1681, "prog": 0.3409, "frac_clean": 0.625, "mean_recovery_m": 3.1589, "gnorm": 130.565, "elapsed_s": 309.6}
{"step": 550, "loss": 1.9061, "traj": 0.2707, "cls": 0.8868, "dev": 0.4851, "prog": 0.2635, "frac_clean": 0.625, "mean_recovery_m": 2.769, "gnorm": 108.024, "elapsed_s": 340.3}
{"step": 600, "loss": 2.8453, "traj": 0.351, "cls": 1.1888, "dev": 0.9156, "prog": 0.3899, "frac_clean": 0.5625, "mean_recovery_m": 4.5041, "gnorm": 70.792, "elapsed_s": 370.7}
{"step": 650, "loss": 1.5232, "traj": 0.2971, "cls": 0.7118, "dev": 0.1792, "prog": 0.3352, "frac_clean": 0.5625, "mean_recovery_m": 2.3276, "gnorm": 102.262, "elapsed_s": 400.7}
{"step": 699, "loss": 1.6372, "traj": 0.3186, "cls": 0.752, "dev": 0.2167, "prog": 0.3499, "frac_clean": 0.5, "mean_recovery_m": 2.9437, "gnorm": 63.355, "elapsed_s": 430.4}
[ft] wrote /workspace/refc-ft-g2s1/ckpt.pt
RECOVERY_AUG_FT_DONE
[eval] instrument: /workspace/refc_cl_d2/lowood_lanekeep.py
[eval] base step 29999 vs FT step 700 | holdout 28:40 (12 eps)
[eval] OVERALL Δcorridor_departure(base-ft)=-0.0064 [-0.0188,+0.0008] separated=False
[eval] GUARD  Δpeak_xte(base-ft)=-0.2889 [-0.4222,-0.1724] (FT must NOT increase peak_xte: Δ>=0 desired)
[eval] PRE-REGISTERED VERDICT: NULL
[eval] wrote /workspace/refc_cl_d2/corridor_g2s1.json
CORRIDOR_SPLIT_DONE
SPEED_CFG_DONE g2s1
=== START g2s2 g2+lambda_prog=2.5 ===
[ft] base step 29999 | FT eps 0:28 (28) | 617 windows | trainable 8,634,505 (scope decoder) | envelope lat<=1.0m yaw<=3.0deg clean=0.5 lambda_dev=1.0
{"step": 0, "loss": 2.8083, "traj": 0.3142, "cls": 1.3189, "dev": 0.2684, "prog": 0.3627, "frac_clean": 0.5625, "mean_recovery_m": 2.7581, "gnorm": 203.145, "elapsed_s": 0.8}
{"step": 50, "loss": 2.8975, "traj": 0.2996, "cls": 1.5247, "dev": 0.2562, "prog": 0.3268, "frac_clean": 0.5625, "mean_recovery_m": 1.6974, "gnorm": 92.799, "elapsed_s": 31.9}
{"step": 100, "loss": 4.3539, "traj": 0.5166, "cls": 2.1095, "dev": 0.4873, "prog": 0.4962, "frac_clean": 0.625, "mean_recovery_m": 4.023, "gnorm": 52.623, "elapsed_s": 63.4}
{"step": 150, "loss": 3.5226, "traj": 0.3456, "cls": 2.1781, "dev": 0.154, "prog": 0.338, "frac_clean": 0.25, "mean_recovery_m": 2.6284, "gnorm": 89.61, "elapsed_s": 94.6}
{"step": 200, "loss": 3.0948, "traj": 0.4029, "cls": 1.5348, "dev": 0.3438, "prog": 0.3254, "frac_clean": 0.375, "mean_recovery_m": 3.6248, "gnorm": 90.119, "elapsed_s": 125.5}
{"step": 250, "loss": 2.3153, "traj": 0.3631, "cls": 0.9591, "dev": 0.3099, "prog": 0.2733, "frac_clean": 0.3125, "mean_recovery_m": 2.3888, "gnorm": 50.39, "elapsed_s": 156.6}
{"step": 300, "loss": 2.976, "traj": 0.3503, "cls": 1.2877, "dev": 0.3637, "prog": 0.3897, "frac_clean": 0.5625, "mean_recovery_m": 1.649, "gnorm": 41.259, "elapsed_s": 187.7}
{"step": 350, "loss": 2.9652, "traj": 0.355, "cls": 1.2203, "dev": 0.3534, "prog": 0.4146, "frac_clean": 0.4375, "mean_recovery_m": 2.4936, "gnorm": 144.216, "elapsed_s": 218.6}
{"step": 400, "loss": 2.529, "traj": 0.3036, "cls": 1.0802, "dev": 0.4463, "prog": 0.2795, "frac_clean": 0.75, "mean_recovery_m": 4.1893, "gnorm": 108.886, "elapsed_s": 250.0}
{"step": 450, "loss": 3.4459, "traj": 0.4753, "cls": 1.4602, "dev": 0.3453, "prog": 0.4661, "frac_clean": 0.4375, "mean_recovery_m": 3.5065, "gnorm": 207.245, "elapsed_s": 280.0}
{"step": 500, "loss": 2.2707, "traj": 0.2725, "cls": 1.016, "dev": 0.2157, "prog": 0.3066, "frac_clean": 0.625, "mean_recovery_m": 3.1589, "gnorm": 135.836, "elapsed_s": 311.5}
{"step": 550, "loss": 2.4747, "traj": 0.2982, "cls": 0.9532, "dev": 0.4598, "prog": 0.3054, "frac_clean": 0.625, "mean_recovery_m": 2.769, "gnorm": 216.931, "elapsed_s": 342.2}
{"step": 600, "loss": 3.4808, "traj": 0.3519, "cls": 1.2587, "dev": 0.8898, "prog": 0.3921, "frac_clean": 0.5625, "mean_recovery_m": 4.5041, "gnorm": 48.099, "elapsed_s": 372.7}
{"step": 650, "loss": 1.9114, "traj": 0.2683, "cls": 0.7169, "dev": 0.2281, "prog": 0.2792, "frac_clean": 0.5625, "mean_recovery_m": 2.3276, "gnorm": 59.897, "elapsed_s": 403.2}
{"step": 699, "loss": 1.5771, "traj": 0.2359, "cls": 0.7641, "dev": 0.1339, "prog": 0.1773, "frac_clean": 0.5, "mean_recovery_m": 2.9437, "gnorm": 72.926, "elapsed_s": 432.9}
[ft] wrote /workspace/refc-ft-g2s2/ckpt.pt
RECOVERY_AUG_FT_DONE
[eval] instrument: /workspace/refc_cl_d2/lowood_lanekeep.py
[eval] base step 29999 vs FT step 700 | holdout 28:40 (12 eps)
[eval] OVERALL Δcorridor_departure(base-ft)=+0.0009 [-0.0006,+0.0030] separated=False
[eval] GUARD  Δpeak_xte(base-ft)=-0.1750 [-0.2714,-0.0803] (FT must NOT increase peak_xte: Δ>=0 desired)
[eval] PRE-REGISTERED VERDICT: NULL
[eval] wrote /workspace/refc_cl_d2/corridor_g2s2.json
CORRIDOR_SPLIT_DONE
SPEED_CFG_DONE g2s2
SPEED_ALL_DONE
