=== COMMA experiment ===
[16:47:12] encoder loaded: 87.0M enc + 0.1M readout, state_dim 2048, ckpt step 29999
[16:47:14] experiment comma: 70 train, eval {in_corpus_heldout_paival:60, cross_domain_comma:90}
[16:47:20] === arm frozen (ft_blocks=0) ===
[16:48:01]   arm ft_blocks=0: 70 train eps, 6148 windows, k_frozen=12
[16:49:00]     step 0/1000 loss 3.4160
[16:49:21]     step 125/1000 loss 0.8632
[16:49:42]     step 250/1000 loss 0.5097
[16:50:01]     step 375/1000 loss 0.2840
[16:50:22]     step 500/1000 loss 0.4369
[16:50:41]     step 625/1000 loss 0.2482
[16:50:59]     step 750/1000 loss 0.1923
[16:51:17]     step 875/1000 loss 0.1958
[16:51:35]     step 999/1000 loss 0.2409
[16:55:23]   frozen VERDICT {"cross_speed_r2": 0.4057764198702005, "cross_yaw_r2": 0.0004569753484570116, "cross_ade_2s": 11.566047680162116, "in_domain_ade_2s": 5.867845431985793, "ade_ratio": 1.9710893571114296, "PASS": false}
[16:55:23] === arm light_ft (ft_blocks=4) ===
[16:55:57]   arm ft_blocks=4: 70 train eps, 6148 windows, k_frozen=8
[16:56:42]     step 0/1000 loss 3.4160
[16:57:42]     step 125/1000 loss 0.7960
[16:58:42]     step 250/1000 loss 0.3741
[16:59:43]     step 375/1000 loss 0.2068
[17:00:43]     step 500/1000 loss 0.4849
[17:01:44]     step 625/1000 loss 0.2536
[17:02:44]     step 750/1000 loss 0.1946
[17:03:44]     step 875/1000 loss 0.2332
[17:04:44]     step 999/1000 loss 0.2708
[17:08:29]   light_ft VERDICT {"cross_speed_r2": 0.41107868248752166, "cross_yaw_r2": 0.0003935843503094505, "cross_ade_2s": 11.612595403613394, "in_domain_ade_2s": 5.791077071493385, "ade_ratio": 2.0052565801233198, "PASS": false}
[17:08:29] WROTE /workspace/tmp/idm/regate_comma.json
[17:08:29] IDM_REGATE_DONE
=== RIG experiment ===
[17:08:52] encoder loaded: 87.0M enc + 0.1M readout, state_dim 2048, ckpt step 29999
[17:08:55] experiment rig: 70 train, eval {in_rig_heldout_rigA:60, cross_rig_rigB:120}
[17:09:01] === arm frozen (ft_blocks=0) ===
[17:09:36]   arm ft_blocks=0: 70 train eps, 6141 windows, k_frozen=12
[17:10:32]     step 0/1000 loss 3.8692
[17:10:51]     step 125/1000 loss 0.4983
[17:11:09]     step 250/1000 loss 0.4711
[17:11:26]     step 375/1000 loss 0.4329
[17:11:44]     step 500/1000 loss 0.4376
[17:12:03]     step 625/1000 loss 0.1655
[17:12:21]     step 750/1000 loss 0.2335
[17:12:38]     step 875/1000 loss 0.4840
[17:12:56]     step 999/1000 loss 0.2244
[17:16:35]   frozen VERDICT {"cross_speed_r2": -3.2093485056650612, "cross_yaw_r2": -0.0057492295608527755, "cross_ade_2s": 18.356028082664867, "in_domain_ade_2s": 5.445068408147568, "ade_ratio": 3.371129011932773, "PASS": false}
[17:16:35] === arm light_ft (ft_blocks=4) ===
[17:17:08]   arm ft_blocks=4: 70 train eps, 6141 windows, k_frozen=8
[17:17:53]     step 0/1000 loss 3.8692
[17:18:52]     step 125/1000 loss 0.4740
[17:19:52]     step 250/1000 loss 0.4928
[17:20:52]     step 375/1000 loss 0.4661
[17:21:52]     step 500/1000 loss 0.4343
[17:22:51]     step 625/1000 loss 0.1698
[17:23:51]     step 750/1000 loss 0.2505
[17:24:51]     step 875/1000 loss 0.5083
[17:25:50]     step 999/1000 loss 0.2342
[17:29:28]   light_ft VERDICT {"cross_speed_r2": -1.6467942778189912, "cross_yaw_r2": 0.24187408829184187, "cross_ade_2s": 12.963205269264613, "in_domain_ade_2s": 5.587094786981678, "ade_ratio": 2.3202050016172606, "PASS": false}
[17:29:28] WROTE /workspace/tmp/idm/regate_rig.json
[17:29:28] IDM_REGATE_DONE
ALL_REGATE_DONE
