train 8803w val 265w
REFS: {"W": 0.5989, "oracle": 0.4045, "cv": 0.8463, "holdv0": 0.7883, "search_warm": 0.1322}
=== mlpbig {'d': 768, 'enc': 5, 'dec': 0, 'heads': 8, 'ff': 2048, 'head': 'mlp'} bs=24 ===
/usr/local/lib/python3.11/dist-packages/torch/nn/modules/transformer.py:307: UserWarning: enable_nested_tensor is True, but self.use_nested_tensor is False because encoder_layer.norm_first was True
  warnings.warn(f"enable_nested_tensor is True, but self.use_nested_tensor is False because {why_not_sparsity_fast_path}")
    1500/5000 loss=0.4719 438s
    3000/5000 loss=0.4246 878s
    4500/5000 loss=0.4555 1314s
RESULT mlpbig: ADE=0.6007 ci=[0.39251789450645447, 0.8308603167533875] params=30.8M train_loss=0.3741
  vs W: [0.0018, -0.0323, 0.0291, 0.565]
=== mlpwide {'d': 1024, 'enc': 4, 'dec': 0, 'heads': 8, 'ff': 2560, 'head': 'mlp'} bs=24 ===
/usr/local/lib/python3.11/dist-packages/torch/nn/modules/transformer.py:307: UserWarning: enable_nested_tensor is True, but self.use_nested_tensor is False because encoder_layer.norm_first was True
  warnings.warn(f"enable_nested_tensor is True, but self.use_nested_tensor is False because {why_not_sparsity_fast_path}")
    1500/5000 loss=0.4626 437s
    3000/5000 loss=0.4159 873s
    4500/5000 loss=0.4508 1315s
RESULT mlpwide: ADE=0.5994 ci=[0.3914799094200134, 0.8356732130050659] params=42.6M train_loss=0.3918
  vs W: [0.0005, -0.0405, 0.0347, 0.531]
BIG_DONE
{
  "config": {
    "arms": "mlpbig,mlpwide",
    "steps": 5000,
    "bs": 24,
    "lr": 0.0004,
    "warmup": 300,
    "log": 1500,
    "out": "/root/frozenwm/bigplanner_mlp.json"
  },
  "refs": {
    "W": 0.5989,
    "oracle": 0.4045,
    "cv": 0.8463,
    "holdv0": 0.7883,
    "search_warm": 0.1322
  },
  "arms": {
    "mlpbig": {
      "ade2s": 0.6007,
      "ci": [
        0.39251789450645447,
        0.8308603167533875
      ],
      "fde2s": 1.2715,
      "miss2m": 0.2151,
      "params": 30808104,
      "train_loss": 0.3741,
      "cfg": {
        "d": 768,
        "enc": 5,
        "dec": 0,
        "heads": 8,
        "ff": 2048,
        "head": "mlp"
      }
    },
    "mlpwide": {
      "ade2s": 0.5994,
      "ci": [
        0.3914799094200134,
        0.8356732130050659
      ],
      "fde2s": 1.281,
      "miss2m": 0.2189,
      "params": 42630696,
      "train_loss": 0.3918,
      "cfg": {
        "d": 1024,
        "enc": 4,
        "dec": 0,
        "heads": 8,
        "ff": 2560,
        "head": "mlp"
      }
    }
  },
  "paired": {
    "mlpbig": {
      "minus_W": [
        0.0018,
        -0.0323,
        0.0291,
        0.565
      ],
      "minus_oracle": [
        0.1962,
        -0.0234,
        0.4206,
        0.957
      ],
      "minus_cv": [
        -0.2456,
        -0.527,
        -0.0173,
        0.015
      ],
      "minus_search_warm": [
        0.4686,
        0.2907,
        0.6688,
        1.0
      ]
    },
    "mlpwide": {
      "minus_W": [
        0.0005,
        -0.0405,
        0.0347,
        0.531
      ],
      "minus_oracle": [
        0.1949,
        -0.0348,
        0.4248,
        0.948
      ],
      "minus_cv": [
        -0.2469,
        -0.5247,
        -0.0241,
        0.01
      ],
      "minus_search_warm": [
        0.4672,
        0.2875,
        0.6693,
        1.0
      ]
    }
  }
}
