loaded flagship-30k, state_dim 2048
train 400 eps, val 12 eps
  val 12/12  8.0s  (1.5 ep/s)
  train 25/400  16.3s  (1.5 ep/s)
  train 50/400  32.4s  (1.5 ep/s)
  train 75/400  49.2s  (1.5 ep/s)
  train 100/400  66.3s  (1.5 ep/s)
  train 125/400  84.1s  (1.5 ep/s)
  train 150/400  102.8s  (1.5 ep/s)
  train 175/400  121.5s  (1.4 ep/s)
  train 200/400  140.1s  (1.4 ep/s)
  train 225/400  158.6s  (1.4 ep/s)
  train 250/400  177.0s  (1.4 ep/s)
  train 275/400  195.4s  (1.4 ep/s)
  train 300/400  213.8s  (1.4 ep/s)
  train 325/400  232.3s  (1.4 ep/s)
  train 350/400  250.9s  (1.4 ep/s)
  train 375/400  269.5s  (1.4 ep/s)
  train 400/400  288.3s  (1.4 ep/s)
ENCODE_DONE
