val 265w/12e  train 8803w/400e
act_std [0.0799, 0.8252]
[search-cold] val ADE2s=0.2471 (248s)
[search-warm] val ADE2s=0.1322 (249s)
[search-train] 1000 windows, teacher ADE=0.1039 (939s)
/usr/local/lib/python3.11/dist-packages/torch/nn/modules/transformer.py:307: UserWarning: enable_nested_tensor is True, but self.use_nested_tensor is False because encoder_layer.norm_first was True
  warnings.warn(f"enable_nested_tensor is True, but self.use_nested_tensor is False because {why_not_sparsity_fast_path}")
  [distil] 1/4000 loss=0.4944 0s
  [distil] 1000/4000 loss=0.0767 5s
  [distil] 2000/4000 loss=0.0425 9s
  [distil] 3000/4000 loss=0.0190 14s
  [distil] 4000/4000 loss=0.0194 19s
[amortised-prior] val ADE2s=1.3987
MPC_DONE
{
  "config": {
    "P": 128,
    "I": 4,
    "n_train_win": 1000,
    "distil_steps": 4000,
    "chunk": 8192,
    "out": "/root/frozenwm/mpc_results.json"
  },
  "refs": {
    "W_ade2s": 0.5989,
    "oracle_ade2s": 0.4045
  },
  "search": {
    "cold": {
      "ade2s": 0.2471,
      "ci": [
        0.1489,
        0.375
      ],
      "fde2s": 0.4875,
      "miss2m": 0.0792
    },
    "warm": {
      "ade2s": 0.1322,
      "ci": [
        0.0871,
        0.184
      ],
      "fde2s": 0.2298,
      "miss2m": 0.0038
    }
  },
  "amortised": {
    "prior": {
      "ade2s": 1.3987,
      "ci": [
        0.9552,
        1.9479
      ],
      "fde2s": 3.1092,
      "miss2m": 0.4981,
      "n_distil": 1000
    }
  },
  "paired": {
    "search_warm_minus_W": {
      "delta": -0.4668,
      "ci": [
        -0.692,
        -0.2722
      ],
      "frac_gt0": 0.0,
      "separated": true
    },
    "search_warm_minus_oracle": {
      "delta": -0.2724,
      "ci": [
        -0.3707,
        -0.1971
      ],
      "frac_gt0": 0.0,
      "separated": true
    },
    "search_cold_minus_W": {
      "delta": -0.3518,
      "ci": [
        -0.5362,
        -0.2067
      ],
      "frac_gt0": 0.0,
      "separated": true
    },
    "amortised_prior_minus_W": {
      "delta": 0.7997,
      "ci": [
        0.2926,
        1.3984
      ],
      "frac_gt0": 1.0,
      "separated": true
    },
    "amortised_prior_minus_oracle": {
      "delta": 0.9941,
      "ci": [
        0.5678,
        1.5175
      ],
      "frac_gt0": 1.0,
      "separated": true
    },
    "amortised_prior_minus_search_warm": {
      "delta": 1.2665,
      "ci": [
        0.8217,
        1.8194
      ],
      "frac_gt0": 1.0,
      "separated": true
    }
  }
}
